<?xml version="1.0" encoding="UTF-8"?>
<!-- Generated by org.testng.reporters.JUnitReportReporter -->
<testsuite hostname="USE2DEVP0289" failures="0" tests="2" name="com_pkg_OSP.Entity_Manager_KeyContacts_Test" time="240.358" errors="0" timestamp="2021-03-17T18:03:18 IST" skipped="0">
  <testcase classname="com_pkg_OSP.Entity_Manager_KeyContacts_Test" name="Initialize" time="3.898"/>
  <system-out/>
  <testcase classname="com_pkg_OSP.Entity_Manager_KeyContacts_Test" name="KeyContacts" time="236.460"/>
  <system-out/>
</testsuite> <!-- com_pkg_OSP.Entity_Manager_KeyContacts_Test -->
