<?xml version="1.0" encoding="UTF-8"?>
<!-- Generated by org.testng.reporters.JUnitReportReporter -->
<testsuite hostname="USE2DEVP0289" failures="0" tests="2" name="com_pkg_OSP.EntityUnitBrowser_DBA_Test" time="474.450" errors="0" timestamp="2021-03-23T16:48:26 IST" skipped="0">
  <testcase classname="com_pkg_OSP.EntityUnitBrowser_DBA_Test" name="EntityUnitBrowserDBA" time="469.547"/>
  <system-out/>
  <testcase classname="com_pkg_OSP.EntityUnitBrowser_DBA_Test" name="Initialize" time="4.903"/>
  <system-out/>
</testsuite> <!-- com_pkg_OSP.EntityUnitBrowser_DBA_Test -->
