<?xml version="1.0" encoding="UTF-8"?>
<!-- Generated by org.testng.reporters.JUnitReportReporter -->
<testsuite hostname="USE2DEVP0289" failures="0" tests="2" name="com_pkg_OSP.Entity_Manager_PageLinks_Test" time="102.654" errors="0" timestamp="2021-03-05T13:17:13 IST" skipped="0">
  <testcase classname="com_pkg_OSP.Entity_Manager_PageLinks_Test" name="PageLinks" time="98.285"/>
  <system-out/>
  <testcase classname="com_pkg_OSP.Entity_Manager_PageLinks_Test" name="Initialize" time="4.369"/>
  <system-out/>
</testsuite> <!-- com_pkg_OSP.Entity_Manager_PageLinks_Test -->
