<?xml version="1.0" encoding="UTF-8"?>
<!-- Generated by org.testng.reporters.JUnitReportReporter -->
<testsuite hostname="USE2DEVP0289" failures="0" tests="2" name="com_pkg_OSP.EUB_Test" time="739.656" errors="0" timestamp="2021-03-16T20:56:46 IST" skipped="0">
  <testcase classname="com_pkg_OSP.EUB_Test" name="Initialize" time="4.308"/>
  <system-out/>
  <testcase classname="com_pkg_OSP.EUB_Test" name="EntityUnitBrowser" time="735.348"/>
  <system-out/>
</testsuite> <!-- com_pkg_OSP.EUB_Test -->
