<?xml version="1.0" encoding="UTF-8"?>
<!-- Generated by org.testng.reporters.JUnitReportReporter -->
<testsuite hostname="USE2DEVP0672" failures="0" tests="2" name="com_pkg_OSP.Entity_Manager_IOTransaction_Test" time="391.554" errors="0" timestamp="2021-03-16T11:56:22 IST" skipped="0">
  <testcase classname="com_pkg_OSP.Entity_Manager_IOTransaction_Test" name="Initialize" time="9.613"/>
  <system-out/>
  <testcase classname="com_pkg_OSP.Entity_Manager_IOTransaction_Test" name="EUB_IOTransaction" time="381.941"/>
  <system-out/>
</testsuite> <!-- com_pkg_OSP.Entity_Manager_IOTransaction_Test -->
