<?xml version="1.0" encoding="UTF-8"?>
<!-- Generated by org.testng.reporters.JUnitReportReporter -->
<testsuite hostname="USE2DEVP0289" failures="0" tests="2" name="com_pkg_OSP.EntityUnitBrowser_Ownership_OrgReorg_Test" time="661.141" errors="0" timestamp="2021-03-23T12:42:50 IST" skipped="0">
  <testcase classname="com_pkg_OSP.EntityUnitBrowser_Ownership_OrgReorg_Test" name="Initialize" time="12.095"/>
  <system-out/>
  <testcase classname="com_pkg_OSP.EntityUnitBrowser_Ownership_OrgReorg_Test" name="Ownership_OrgReorg" time="649.046"/>
  <system-out/>
</testsuite> <!-- com_pkg_OSP.EntityUnitBrowser_Ownership_OrgReorg_Test -->
