<?xml version="1.0" encoding="UTF-8"?>
<!-- Generated by org.testng.reporters.JUnitReportReporter -->
<testsuite hostname="USE2DEVP0289" failures="0" tests="2" name="com_pkg_OSP.Entity_Manager_BusinessTaxInfo_Test" time="316.129" errors="0" timestamp="2021-03-17T17:04:22 IST" skipped="0">
  <testcase classname="com_pkg_OSP.Entity_Manager_BusinessTaxInfo_Test" name="BusinessTaxInfo" time="313.248"/>
  <system-out/>
  <testcase classname="com_pkg_OSP.Entity_Manager_BusinessTaxInfo_Test" name="Initialize" time="2.881"/>
  <system-out/>
</testsuite> <!-- com_pkg_OSP.Entity_Manager_BusinessTaxInfo_Test -->
