<?xml version="1.0" encoding="UTF-8"?>
<!-- Generated by org.testng.reporters.JUnitReportReporter -->
<testsuite hostname="USE2DEVP0289" failures="0" tests="2" name="com_pkg_OSP.Entity_Manager_BusinessTaxInfo_Test" time="322.496" errors="0" timestamp="2021-03-23T16:48:26 IST" skipped="0">
  <testcase classname="com_pkg_OSP.Entity_Manager_BusinessTaxInfo_Test" name="BusinessTaxInfo" time="316.981"/>
  <system-out/>
  <testcase classname="com_pkg_OSP.Entity_Manager_BusinessTaxInfo_Test" name="Initialize" time="5.515"/>
  <system-out/>
</testsuite> <!-- com_pkg_OSP.Entity_Manager_BusinessTaxInfo_Test -->
