<?xml version="1.0" encoding="UTF-8"?>
<!-- Generated by org.testng.reporters.JUnitReportReporter -->
<testsuite hostname="USE2DEVP0289" failures="0" tests="2" name="com_pkg_OSP.Entity_Manager_ResponsibilityInfo_Test" time="265.679" errors="0" timestamp="2021-03-19T16:02:24 IST" skipped="0">
  <testcase classname="com_pkg_OSP.Entity_Manager_ResponsibilityInfo_Test" name="Initialize" time="12.096"/>
  <system-out/>
  <testcase classname="com_pkg_OSP.Entity_Manager_ResponsibilityInfo_Test" name="ResponsbilityInfo" time="253.583"/>
  <system-out/>
</testsuite> <!-- com_pkg_OSP.Entity_Manager_ResponsibilityInfo_Test -->
