<?xml version="1.0" encoding="UTF-8"?>
<!-- Generated by org.testng.reporters.JUnitReportReporter -->
<testsuite hostname="USE2DEVP0672" failures="0" tests="2" name="com_pkg_OSP.Entity_Manager_Banking_Test" time="411.954" errors="0" timestamp="2021-03-16T13:22:37 IST" skipped="0">
  <testcase classname="com_pkg_OSP.Entity_Manager_Banking_Test" name="Initialize" time="5.085"/>
  <system-out/>
  <testcase classname="com_pkg_OSP.Entity_Manager_Banking_Test" name="EUB_Banking" time="406.869"/>
  <system-out/>
</testsuite> <!-- com_pkg_OSP.Entity_Manager_Banking_Test -->
