<?xml version="1.0" encoding="UTF-8"?>
<!-- Generated by org.testng.reporters.JUnitReportReporter -->
<testsuite hostname="USE2DEVP0289" failures="0" tests="2" name="com_pkg_OSP.EntityUnitBrowser_Ownership_Owners_Test" time="471.321" errors="0" timestamp="2021-03-22T17:22:41 IST" skipped="0">
  <testcase classname="com_pkg_OSP.EntityUnitBrowser_Ownership_Owners_Test" name="Ownership_Owners" time="465.356"/>
  <system-out/>
  <testcase classname="com_pkg_OSP.EntityUnitBrowser_Ownership_Owners_Test" name="Initialize" time="5.965"/>
  <system-out/>
</testsuite> <!-- com_pkg_OSP.EntityUnitBrowser_Ownership_Owners_Test -->
