<?xml version="1.0" encoding="UTF-8"?>
<!-- Generated by org.testng.reporters.JUnitReportReporter -->
<testsuite hostname="USE2DEVP0289" failures="0" tests="2" name="com_pkg_OSP.Entity_Manager_PageLinks_Test" time="105.238" errors="0" timestamp="2021-03-08T19:16:06 IST" skipped="0">
  <testcase classname="com_pkg_OSP.Entity_Manager_PageLinks_Test" name="Initialize" time="6.024"/>
  <system-out/>
  <testcase classname="com_pkg_OSP.Entity_Manager_PageLinks_Test" name="PageLinks" time="99.214"/>
  <system-out/>
</testsuite> <!-- com_pkg_OSP.Entity_Manager_PageLinks_Test -->
