<?xml version="1.0" encoding="UTF-8"?>
<!-- Generated by org.testng.reporters.JUnitReportReporter -->
<testsuite hostname="USE2DEVP0672" failures="0" tests="2" name="com_pkg_OSP.Entity_Manager_PlaceOfBussiness_Test" time="482.639" errors="0" timestamp="2021-03-16T12:10:22 IST" skipped="0">
  <testcase classname="com_pkg_OSP.Entity_Manager_PlaceOfBussiness_Test" name="Initialize" time="4.760"/>
  <system-out/>
  <testcase classname="com_pkg_OSP.Entity_Manager_PlaceOfBussiness_Test" name="EUB_PlaceOfBussiness" time="477.879"/>
  <system-out/>
</testsuite> <!-- com_pkg_OSP.Entity_Manager_PlaceOfBussiness_Test -->
