<?xml version="1.0" encoding="UTF-8"?>
<!-- Generated by org.testng.reporters.JUnitReportReporter -->
<testsuite hostname="USE2DEVP0289" failures="0" tests="2" name="com_pkg_OWM.Workflow_Browser.Serial.FWF_Documents_Test" time="675.945" errors="1" timestamp="2021-01-08T19:11:50 IST" skipped="0">
  <testcase classname="com_pkg_OWM.Workflow_Browser.Serial.FWF_Documents_Test" name="Initialize" time="5.370"/>
  <system-out/>
  <testcase classname="com_pkg_OWM.Workflow_Browser.Serial.FWF_Documents_Test" name="Documents" time="670.575">
    <error message="Cannot invoke &quot;String.contains(java.lang.CharSequence)&quot; because &quot;toEscape&quot; is null" type="java.lang.NullPointerException">
      <![CDATA[java.lang.NullPointerException: Cannot invoke "String.contains(java.lang.CharSequence)" because "toEscape" is null
at org.openqa.selenium.support.ui.Quotes.escape(Quotes.java:42)
at org.openqa.selenium.support.ui.Select.selectByVisibleText(Select.java:113)
at com_lib_FunctionLibrary.FrameWork.fnWebList(FrameWork.java:46)
at com_obj_ObjectRepository.FolderWorkFlows.Documents.MoveDoc_drawers(Documents.java:181)
at com_lib_FunctionLibrary.FunctionLibrary.fwf_fnMoveDocument(FunctionLibrary.java:640)
at com_pkg_OWM.Workflow_Browser.Serial.FWF_Documents_Test.Documents(FWF_Documents_Test.java:142)
at java.base/jdk.internal.reflect.NativeMethodAccessorImpl.invoke0(Native Method)
at java.base/jdk.internal.reflect.NativeMethodAccessorImpl.invoke(NativeMethodAccessorImpl.java:62)
at java.base/jdk.internal.reflect.DelegatingMethodAccessorImpl.invoke(DelegatingMethodAccessorImpl.java:43)
at java.base/java.lang.reflect.Method.invoke(Method.java:564)
at org.testng.internal.MethodInvocationHelper.invokeMethod(MethodInvocationHelper.java:132)
at org.testng.internal.TestInvoker.invokeMethod(TestInvoker.java:599)
at org.testng.internal.TestInvoker.invokeTestMethod(TestInvoker.java:174)
at org.testng.internal.MethodRunner.runInSequence(MethodRunner.java:46)
at org.testng.internal.TestInvoker$MethodInvocationAgent.invoke(TestInvoker.java:822)
at org.testng.internal.TestInvoker.invokeTestMethods(TestInvoker.java:147)
at org.testng.internal.TestMethodWorker.invokeTestMethods(TestMethodWorker.java:146)
at org.testng.internal.TestMethodWorker.run(TestMethodWorker.java:128)
at java.base/java.util.ArrayList.forEach(ArrayList.java:1511)
at org.testng.TestRunner.privateRun(TestRunner.java:764)
at org.testng.TestRunner.run(TestRunner.java:585)
at org.testng.SuiteRunner.runTest(SuiteRunner.java:384)
at org.testng.SuiteRunner.runSequentially(SuiteRunner.java:378)
at org.testng.SuiteRunner.privateRun(SuiteRunner.java:337)
at org.testng.SuiteRunner.run(SuiteRunner.java:286)
at org.testng.SuiteRunnerWorker.runSuite(SuiteRunnerWorker.java:53)
at org.testng.SuiteRunnerWorker.run(SuiteRunnerWorker.java:96)
at org.testng.TestNG.runSuitesSequentially(TestNG.java:1218)
at org.testng.TestNG.runSuitesLocally(TestNG.java:1140)
at org.testng.TestNG.runSuites(TestNG.java:1069)
at org.testng.TestNG.run(TestNG.java:1037)
at org.testng.remote.AbstractRemoteTestNG.run(AbstractRemoteTestNG.java:115)
at org.testng.remote.RemoteTestNG.initAndRun(RemoteTestNG.java:251)
at org.testng.remote.RemoteTestNG.main(RemoteTestNG.java:77)
]]>
    </error>
  </testcase> <!-- Documents -->
  <system-out/>
</testsuite> <!-- com_pkg_OWM.Workflow_Browser.Serial.FWF_Documents_Test -->
