<?xml version="1.0" encoding="UTF-8"?>
<!-- Generated by org.testng.reporters.JUnitReportReporter -->
<testsuite hostname="USE2DEVP0672" failures="0" tests="2" name="com_pkg_OWM.Workflow_Browser.Parallel.OWM_Actions_Test" time="534.892" errors="0" timestamp="2021-03-15T16:13:47 IST" skipped="0">
  <testcase classname="com_pkg_OWM.Workflow_Browser.Parallel.OWM_Actions_Test" name="Initialize" time="6.054"/>
  <system-out/>
  <testcase classname="com_pkg_OWM.Workflow_Browser.Parallel.OWM_Actions_Test" name="NewFolderCreation" time="528.838"/>
  <system-out/>
</testsuite> <!-- com_pkg_OWM.Workflow_Browser.Parallel.OWM_Actions_Test -->
