<?xml version="1.0" encoding="UTF-8"?>
<!-- Generated by org.testng.reporters.JUnitReportReporter -->
<testsuite hostname="USE2DEVP0289" failures="0" tests="2" name="com_pkg_OSP.EntityUnitBrowser_Ownership_StockOfTheCompany_Test" time="560.529" errors="0" timestamp="2021-03-23T14:02:59 IST" skipped="0">
  <testcase classname="com_pkg_OSP.EntityUnitBrowser_Ownership_StockOfTheCompany_Test" name="Initialize" time="6.124"/>
  <system-out/>
  <testcase classname="com_pkg_OSP.EntityUnitBrowser_Ownership_StockOfTheCompany_Test" name="Ownership_StockOfTheCompany" time="554.405"/>
  <system-out/>
</testsuite> <!-- com_pkg_OSP.EntityUnitBrowser_Ownership_StockOfTheCompany_Test -->
