<?xml version="1.0" encoding="UTF-8"?>
<!-- Generated by org.testng.reporters.JUnitReportReporter -->
<testsuite hostname="USE2DEVP0672" failures="0" tests="2" name="com_pkg_OSP.Entity_Manager_WorkflowBrowser_Test" time="744.623" errors="0" timestamp="2021-03-15T20:26:23 IST" skipped="0">
  <testcase classname="com_pkg_OSP.Entity_Manager_WorkflowBrowser_Test" name="Initialize" time="6.777"/>
  <system-out/>
  <testcase classname="com_pkg_OSP.Entity_Manager_WorkflowBrowser_Test" name="EUB_WorkflowBrowser" time="737.846"/>
  <system-out/>
</testsuite> <!-- com_pkg_OSP.Entity_Manager_WorkflowBrowser_Test -->
