<?xml version="1.0" encoding="UTF-8"?>
<!-- Generated by org.testng.reporters.JUnitReportReporter -->
<testsuite hostname="USE2DEVP0289" failures="0" tests="2" name="com_pkg_OSP.Entity_Manager_KeyContacts_Test" time="164.915" errors="0" timestamp="2021-03-08T19:16:06 IST" skipped="0">
  <testcase classname="com_pkg_OSP.Entity_Manager_KeyContacts_Test" name="Initialize" time="4.799"/>
  <system-out/>
  <testcase classname="com_pkg_OSP.Entity_Manager_KeyContacts_Test" name="KeyContacts" time="160.116"/>
  <system-out/>
</testsuite> <!-- com_pkg_OSP.Entity_Manager_KeyContacts_Test -->
