<?xml version="1.0" encoding="UTF-8"?>
<!-- Generated by org.testng.reporters.JUnitReportReporter -->
<testsuite hostname="USE2DEVP0289" failures="0" tests="2" name="com_pkg_OSP.Entity_Manager_PlaceOfBusiness_Test" time="471.641" errors="0" timestamp="2021-03-23T15:27:11 IST" skipped="0">
  <testcase classname="com_pkg_OSP.Entity_Manager_PlaceOfBusiness_Test" name="EUB_PlaceOfBussiness" time="462.607"/>
  <system-out/>
  <testcase classname="com_pkg_OSP.Entity_Manager_PlaceOfBusiness_Test" name="Initialize" time="9.034"/>
  <system-out/>
</testsuite> <!-- com_pkg_OSP.Entity_Manager_PlaceOfBusiness_Test -->
