<?xml version="1.0" encoding="UTF-8"?>
<!-- Generated by org.testng.reporters.JUnitReportReporter -->
<testsuite hostname="USE2DEVP0289" failures="0" tests="2" name="com_pkg_OSP.EntityUnitBrowser_DBA_Test" time="494.312" errors="0" timestamp="2021-03-19T16:58:37 IST" skipped="0">
  <testcase classname="com_pkg_OSP.EntityUnitBrowser_DBA_Test" name="Initialize" time="9.853"/>
  <system-out/>
  <testcase classname="com_pkg_OSP.EntityUnitBrowser_DBA_Test" name="EntityUnitBrowserDBA" time="484.459"/>
  <system-out/>
</testsuite> <!-- com_pkg_OSP.EntityUnitBrowser_DBA_Test -->
