<?xml version="1.0" encoding="UTF-8"?>
<!-- Generated by org.testng.reporters.JUnitReportReporter -->
<testsuite hostname="USE2DEVP0289" failures="0" tests="2" name="com_pkg_OSP.Entity_Manager_PageLinks_Test" time="104.935" errors="0" timestamp="2021-03-16T20:56:46 IST" skipped="0">
  <testcase classname="com_pkg_OSP.Entity_Manager_PageLinks_Test" name="Initialize" time="5.222"/>
  <system-out/>
  <testcase classname="com_pkg_OSP.Entity_Manager_PageLinks_Test" name="PageLinks" time="99.713"/>
  <system-out/>
</testsuite> <!-- com_pkg_OSP.Entity_Manager_PageLinks_Test -->
