<?xml version="1.0" encoding="UTF-8"?>
<!-- Generated by org.testng.reporters.JUnitReportReporter -->
<testsuite hostname="USE2DEVP0289" failures="0" tests="2" name="com_pkg_OSP.EntityUnitBrowser_DBA_Test" time="479.912" errors="0" timestamp="2021-03-24T14:38:12 IST" skipped="0">
  <testcase classname="com_pkg_OSP.EntityUnitBrowser_DBA_Test" name="Initialize" time="5.372"/>
  <system-out/>
  <testcase classname="com_pkg_OSP.EntityUnitBrowser_DBA_Test" name="EntityUnitBrowserDBA" time="474.540"/>
  <system-out/>
</testsuite> <!-- com_pkg_OSP.EntityUnitBrowser_DBA_Test -->
