<?xml version="1.0" encoding="UTF-8"?>
<!-- Generated by org.testng.reporters.JUnitReportReporter -->
<testsuite hostname="USE2DEVP0672" failures="0" tests="2" name="com_pkg_OSP.Entity_Manager_Banking_Test" time="424.616" errors="0" timestamp="2021-03-15T21:00:04 IST" skipped="0">
  <testcase classname="com_pkg_OSP.Entity_Manager_Banking_Test" name="Initialize" time="6.339"/>
  <system-out/>
  <testcase classname="com_pkg_OSP.Entity_Manager_Banking_Test" name="EUB_Banking" time="418.277"/>
  <system-out/>
</testsuite> <!-- com_pkg_OSP.Entity_Manager_Banking_Test -->
