<?xml version="1.0" encoding="UTF-8"?>
<!-- Generated by org.testng.reporters.JUnitReportReporter -->
<testsuite hostname="USE2DEVP0289" failures="0" tests="2" name="com_pkg_OSP.Entity_Manager_ResponsibilityInfo_Test" time="255.965" errors="0" timestamp="2021-03-24T14:38:12 IST" skipped="0">
  <testcase classname="com_pkg_OSP.Entity_Manager_ResponsibilityInfo_Test" name="Initialize" time="5.102"/>
  <system-out/>
  <testcase classname="com_pkg_OSP.Entity_Manager_ResponsibilityInfo_Test" name="ResponsbilityInfo" time="250.863"/>
  <system-out/>
</testsuite> <!-- com_pkg_OSP.Entity_Manager_ResponsibilityInfo_Test -->
