<?xml version="1.0" encoding="UTF-8"?>
<!-- Generated by org.testng.reporters.JUnitReportReporter -->
<testsuite hostname="USE2DEVP0289" failures="0" tests="2" name="com_pkg_OSP.EUB_Test" time="641.860" errors="0" timestamp="2021-03-02T18:36:57 IST" skipped="0">
  <testcase classname="com_pkg_OSP.EUB_Test" name="Initialize" time="5.564"/>
  <system-out/>
  <testcase classname="com_pkg_OSP.EUB_Test" name="EntityUnitBrowser" time="636.296"/>
  <system-out/>
</testsuite> <!-- com_pkg_OSP.EUB_Test -->
